main.py -t --id 999 --no_preloaded_splits

Loaded data with shape: (3450, 315349).
Loaded labels with shape: (3450,).
Data loaded in 7.8s

------------- SPLIT 1 --------------

/home/luke/.conda/envs/py3py3/lib/python3.5/site-packages/sklearn/preprocessing/data.py:653: RuntimeWarning: invalid value encountered in sqrt
  self.scale_ = _handle_zeros_in_scale(np.sqrt(self.var_))
Data scaled.
PCA performed.
Dataloader loaded in 133.9s

MLP(
  (linear1): Linear(in_features=315349, out_features=100, bias=True)
  (relu): ReLU()
  (dropout): Dropout(p=0.5)
  (linear2): Linear(in_features=100, out_features=26, bias=True)
)
Initialized model from scratch.
Epoch[1/600] 	 Validation Accuracy 161/275 = 58.545% 	 Best Accuracy: 0.585
Epoch[101/600] 	 Validation Accuracy 252/275 = 91.636% 	 Best Accuracy: 0.927
Epoch[201/600] 	 Validation Accuracy 260/275 = 94.545% 	 Best Accuracy: 0.953
Epoch[301/600] 	 Validation Accuracy 254/275 = 92.364% 	 Best Accuracy: 0.953
Epoch[401/600] 	 Validation Accuracy 261/275 = 94.909% 	 Best Accuracy: 0.956
Epoch[501/600] 	 Validation Accuracy 260/275 = 94.545% 	 Best Accuracy: 0.956
Best train accuracy: 96.00% 	 Finished split 1 in 1551.56s

Val Accuracy: 0.960 	 Total correct: 264 	 Total: 275
Test Accuracy: 0.919 	 Total correct: 643 	 Total: 700

------------- SPLIT 2 --------------

Data scaled.
PCA performed.
Dataloader loaded in 136.9s

MLP(
  (linear1): Linear(in_features=315349, out_features=100, bias=True)
  (relu): ReLU()
  (dropout): Dropout(p=0.5)
  (linear2): Linear(in_features=100, out_features=26, bias=True)
)
Epoch[1/600] 	 Validation Accuracy 140/276 = 50.725% 	 Best Accuracy: 0.507
Epoch[101/600] 	 Validation Accuracy 253/276 = 91.667% 	 Best Accuracy: 0.917
Epoch[201/600] 	 Validation Accuracy 251/276 = 90.942% 	 Best Accuracy: 0.946
Epoch[301/600] 	 Validation Accuracy 260/276 = 94.203% 	 Best Accuracy: 0.964
Epoch[401/600] 	 Validation Accuracy 257/276 = 93.116% 	 Best Accuracy: 0.964
Epoch[501/600] 	 Validation Accuracy 257/276 = 93.116% 	 Best Accuracy: 0.971
Best train accuracy: 97.46% 	 Finished split 2 in 1555.19s

Val Accuracy: 0.975 	 Total correct: 269 	 Total: 276
Test Accuracy: 0.944 	 Total correct: 656 	 Total: 695

------------- SPLIT 3 --------------

Data scaled.
PCA performed.
Dataloader loaded in 136.5s

MLP(
  (linear1): Linear(in_features=315349, out_features=100, bias=True)
  (relu): ReLU()
  (dropout): Dropout(p=0.5)
  (linear2): Linear(in_features=100, out_features=26, bias=True)
)
Epoch[1/600] 	 Validation Accuracy 141/277 = 50.903% 	 Best Accuracy: 0.509
Epoch[101/600] 	 Validation Accuracy 238/277 = 85.921% 	 Best Accuracy: 0.895
Epoch[201/600] 	 Validation Accuracy 235/277 = 84.838% 	 Best Accuracy: 0.906
Epoch[301/600] 	 Validation Accuracy 249/277 = 89.892% 	 Best Accuracy: 0.921
Epoch[401/600] 	 Validation Accuracy 246/277 = 88.809% 	 Best Accuracy: 0.924
Epoch[501/600] 	 Validation Accuracy 241/277 = 87.004% 	 Best Accuracy: 0.939
Best train accuracy: 93.86% 	 Finished split 3 in 1558.00s

Val Accuracy: 0.939 	 Total correct: 260 	 Total: 277
Test Accuracy: 0.951 	 Total correct: 655 	 Total: 689

------------- SPLIT 4 --------------

Data scaled.
PCA performed.
Dataloader loaded in 136.5s

MLP(
  (linear1): Linear(in_features=315349, out_features=100, bias=True)
  (relu): ReLU()
  (dropout): Dropout(p=0.5)
  (linear2): Linear(in_features=100, out_features=26, bias=True)
)
Epoch[1/600] 	 Validation Accuracy 144/277 = 51.986% 	 Best Accuracy: 0.520
Epoch[101/600] 	 Validation Accuracy 244/277 = 88.087% 	 Best Accuracy: 0.921
Epoch[201/600] 	 Validation Accuracy 254/277 = 91.697% 	 Best Accuracy: 0.939
Epoch[301/600] 	 Validation Accuracy 250/277 = 90.253% 	 Best Accuracy: 0.946
Epoch[401/600] 	 Validation Accuracy 261/277 = 94.224% 	 Best Accuracy: 0.964
Epoch[501/600] 	 Validation Accuracy 255/277 = 92.058% 	 Best Accuracy: 0.964
Best train accuracy: 96.39% 	 Finished split 4 in 1561.64s

Val Accuracy: 0.964 	 Total correct: 267 	 Total: 277
Test Accuracy: 0.927 	 Total correct: 635 	 Total: 685

------------- SPLIT 5 --------------

Data scaled.
PCA performed.
Dataloader loaded in 138.4s

MLP(
  (linear1): Linear(in_features=315349, out_features=100, bias=True)
  (relu): ReLU()
  (dropout): Dropout(p=0.5)
  (linear2): Linear(in_features=100, out_features=26, bias=True)
)
Epoch[1/600] 	 Validation Accuracy 137/277 = 49.458% 	 Best Accuracy: 0.495
Epoch[101/600] 	 Validation Accuracy 249/277 = 89.892% 	 Best Accuracy: 0.931
Epoch[201/600] 	 Validation Accuracy 259/277 = 93.502% 	 Best Accuracy: 0.953
Epoch[301/600] 	 Validation Accuracy 256/277 = 92.419% 	 Best Accuracy: 0.968
Epoch[401/600] 	 Validation Accuracy 261/277 = 94.224% 	 Best Accuracy: 0.975
Epoch[501/600] 	 Validation Accuracy 266/277 = 96.029% 	 Best Accuracy: 0.975
Best train accuracy: 97.47% 	 Finished split 5 in 1554.89s

Val Accuracy: 0.975 	 Total correct: 270 	 Total: 277
Test Accuracy: 0.941 	 Total correct: 641 	 Total: 681

Val Accuracies: [0.96, 0.9746376811594203, 0.9386281588447654, 0.9638989169675091, 0.9747292418772563]
Test Accuracies: [0.9185714285714286, 0.943884892086331, 0.9506531204644412, 0.927007299270073, 0.9412628487518355]
Run id: 999 	 Test Accuracies: [0.9185714285714286, 0.943884892086331, 0.9506531204644412, 0.927007299270073, 0.9412628487518355]
